2014-11-26 12:27:17 3468 [Note] Plugin 'FEDERATED' is disabled.
c:\xampp\mysql\bin\mysqld.exe: Table 'mysql.plugin' doesn't exist
2014-11-26 12:27:17 3468 [ERROR] Can't open the mysql.plugin table. Please run mysql_upgrade to create it.
2014-11-26 12:27:17 a64 InnoDB: Warning: Using innodb_additional_mem_pool_size is DEPRECATED. This option may be removed in future releases, together with the option innodb_use_sys_malloc and with the InnoDB's internal memory allocator.
2014-11-26 12:27:17 3468 [Note] InnoDB: Using atomics to ref count buffer pool pages
2014-11-26 12:27:17 3468 [Note] InnoDB: The InnoDB memory heap is disabled
2014-11-26 12:27:17 3468 [Note] InnoDB: Mutexes and rw_locks use Windows interlocked functions
2014-11-26 12:27:17 3468 [Note] InnoDB: Memory barrier is not used
2014-11-26 12:27:17 3468 [Note] InnoDB: Compressed tables use zlib 1.2.3
2014-11-26 12:27:17 3468 [Note] InnoDB: Not using CPU crc32 instructions
2014-11-26 12:27:17 3468 [Note] InnoDB: Initializing buffer pool, size = 16.0M
2014-11-26 12:27:17 3468 [Note] InnoDB: Completed initialization of buffer pool
2014-11-26 12:27:17 3468 [Note] InnoDB: Highest supported file format is Barracuda.
2014-11-26 12:27:17 3468 [Note] InnoDB: The log sequence numbers 1665234 and 1665234 in ibdata files do not match the log sequence number 1665264 in the ib_logfiles!
2014-11-26 12:27:17 3468 [Note] InnoDB: Database was not shutdown normally!
2014-11-26 12:27:17 3468 [Note] InnoDB: Starting crash recovery.
2014-11-26 12:27:17 3468 [Note] InnoDB: Reading tablespace information from the .ibd files...
2014-11-26 12:27:17 3468 [Note] InnoDB: Restoring possible half-written data pages 
2014-11-26 12:27:17 3468 [Note] InnoDB: from the doublewrite buffer...
2014-11-26 12:27:17 3468 [ERROR] InnoDB: Table mysql/innodb_index_stats in the InnoDB data dictionary has tablespace id 2, but tablespace with that id or name does not exist. Have you deleted or moved .ibd files? This may also be a table created with CREATE TEMPORARY TABLE whose .ibd and .frm files MySQL automatically removed, but the table still exists in the InnoDB internal data dictionary.
InnoDB: Please refer to
InnoDB: http://dev.mysql.com/doc/refman/5.6/en/innodb-troubleshooting-datadict.html
InnoDB: for how to resolve the issue.
2014-11-26 12:27:17 3468 [ERROR] InnoDB: Table mysql/innodb_table_stats in the InnoDB data dictionary has tablespace id 1, but tablespace with that id or name does not exist. Have you deleted or moved .ibd files? This may also be a table created with CREATE TEMPORARY TABLE whose .ibd and .frm files MySQL automatically removed, but the table still exists in the InnoDB internal data dictionary.
InnoDB: Please refer to
InnoDB: http://dev.mysql.com/doc/refman/5.6/en/innodb-troubleshooting-datadict.html
InnoDB: for how to resolve the issue.
2014-11-26 12:27:17 3468 [ERROR] InnoDB: Table mysql/slave_master_info in the InnoDB data dictionary has tablespace id 4, but tablespace with that id or name does not exist. Have you deleted or moved .ibd files? This may also be a table created with CREATE TEMPORARY TABLE whose .ibd and .frm files MySQL automatically removed, but the table still exists in the InnoDB internal data dictionary.
InnoDB: Please refer to
InnoDB: http://dev.mysql.com/doc/refman/5.6/en/innodb-troubleshooting-datadict.html
InnoDB: for how to resolve the issue.
2014-11-26 12:27:17 3468 [ERROR] InnoDB: Table mysql/slave_relay_log_info in the InnoDB data dictionary has tablespace id 3, but tablespace with that id or name does not exist. Have you deleted or moved .ibd files? This may also be a table created with CREATE TEMPORARY TABLE whose .ibd and .frm files MySQL automatically removed, but the table still exists in the InnoDB internal data dictionary.
InnoDB: Please refer to
InnoDB: http://dev.mysql.com/doc/refman/5.6/en/innodb-troubleshooting-datadict.html
InnoDB: for how to resolve the issue.
2014-11-26 12:27:17 3468 [ERROR] InnoDB: Table mysql/slave_worker_info in the InnoDB data dictionary has tablespace id 5, but tablespace with that id or name does not exist. Have you deleted or moved .ibd files? This may also be a table created with CREATE TEMPORARY TABLE whose .ibd and .frm files MySQL automatically removed, but the table still exists in the InnoDB internal data dictionary.
InnoDB: Please refer to
InnoDB: http://dev.mysql.com/doc/refman/5.6/en/innodb-troubleshooting-datadict.html
InnoDB: for how to resolve the issue.
2014-11-26 12:27:17 3468 [ERROR] InnoDB: Table phpmyadmin/pma_navigationhiding in the InnoDB data dictionary has tablespace id 8, but tablespace with that id or name does not exist. Have you deleted or moved .ibd files? This may also be a table created with CREATE TEMPORARY TABLE whose .ibd and .frm files MySQL automatically removed, but the table still exists in the InnoDB internal data dictionary.
InnoDB: Please refer to
InnoDB: http://dev.mysql.com/doc/refman/5.6/en/innodb-troubleshooting-datadict.html
InnoDB: for how to resolve the issue.
2014-11-26 12:27:17 3468 [ERROR] InnoDB: Table phpmyadmin/pma_savedsearches in the InnoDB data dictionary has tablespace id 9, but tablespace with that id or name does not exist. Have you deleted or moved .ibd files? This may also be a table created with CREATE TEMPORARY TABLE whose .ibd and .frm files MySQL automatically removed, but the table still exists in the InnoDB internal data dictionary.
InnoDB: Please refer to
InnoDB: http://dev.mysql.com/doc/refman/5.6/en/innodb-troubleshooting-datadict.html
InnoDB: for how to resolve the issue.
2014-11-26 12:27:17 3468 [ERROR] InnoDB: Table phpmyadmin/pma_usergroups in the InnoDB data dictionary has tablespace id 7, but tablespace with that id or name does not exist. Have you deleted or moved .ibd files? This may also be a table created with CREATE TEMPORARY TABLE whose .ibd and .frm files MySQL automatically removed, but the table still exists in the InnoDB internal data dictionary.
InnoDB: Please refer to
InnoDB: http://dev.mysql.com/doc/refman/5.6/en/innodb-troubleshooting-datadict.html
InnoDB: for how to resolve the issue.
2014-11-26 12:27:17 3468 [ERROR] InnoDB: Table phpmyadmin/pma_users in the InnoDB data dictionary has tablespace id 6, but tablespace with that id or name does not exist. Have you deleted or moved .ibd files? This may also be a table created with CREATE TEMPORARY TABLE whose .ibd and .frm files MySQL automatically removed, but the table still exists in the InnoDB internal data dictionary.
InnoDB: Please refer to
InnoDB: http://dev.mysql.com/doc/refman/5.6/en/innodb-troubleshooting-datadict.html
InnoDB: for how to resolve the issue.
2014-11-26 12:27:17 3468 [Note] InnoDB: 128 rollback segment(s) are active.
2014-11-26 12:27:17 3468 [Note] InnoDB: Waiting for purge to start
2014-11-26 12:27:17 3468 [Note] InnoDB: 5.6.20 started; log sequence number 1665264
2014-11-26 12:27:17 3468 [Warning] No existing UUID has been found, so we assume that this is the first time that this server has been started. Generating a new UUID: 787682b1-7591-11e4-86d6-b8ac6f790199.
2014-11-26 12:27:18 3468 [Note] Server hostname (bind-address): '*'; port: 3306
2014-11-26 12:27:18 3468 [Note] IPv6 is available.
2014-11-26 12:27:18 3468 [Note]   - '::' resolves to '::';
2014-11-26 12:27:18 3468 [Note] Server socket created on IP: '::'.
2014-11-26 12:27:18 3468 [ERROR] Fatal error: Can't open and lock privilege tables: Table 'mysql.user' doesn't exist
